<?xml version="1.0" encoding="UTF-8"?>
<testsuite xmlns:xsi="http://www.w3.org/2001/XMLSchema-instance" xsi:noNamespaceSchemaLocation="https://maven.apache.org/surefire/maven-surefire-plugin/xsd/surefire-test-report-3.0.xsd" version="3.0" name="cucumber.Options.TestRunner" time="156.461" tests="62" errors="7" skipped="0" failures="9">
  <properties>
    <property name="sun.desktop" value="windows"/>
    <property name="awt.toolkit" value="sun.awt.windows.WToolkit"/>
    <property name="file.encoding.pkg" value="sun.io"/>
    <property name="java.specification.version" value="1.8"/>
    <property name="sun.cpu.isalist" value="amd64"/>
    <property name="sun.jnu.encoding" value="Cp1252"/>
    <property name="java.class.path" value="C:\Users\KumariRupam\eclipse-workspace\BDD_FW\target\test-classes;C:\Users\KumariRupam\eclipse-workspace\BDD_FW\target\classes;C:\Users\KumariRupam\.m2\repository\io\rest-assured\rest-assured\4.3.0\rest-assured-4.3.0.jar;C:\Users\KumariRupam\.m2\repository\org\codehaus\groovy\groovy\3.0.2\groovy-3.0.2.jar;C:\Users\KumariRupam\.m2\repository\org\codehaus\groovy\groovy-xml\3.0.2\groovy-xml-3.0.2.jar;C:\Users\KumariRupam\.m2\repository\org\apache\httpcomponents\httpclient\4.5.3\httpclient-4.5.3.jar;C:\Users\KumariRupam\.m2\repository\org\apache\httpcomponents\httpcore\4.4.6\httpcore-4.4.6.jar;C:\Users\KumariRupam\.m2\repository\commons-logging\commons-logging\1.2\commons-logging-1.2.jar;C:\Users\KumariRupam\.m2\repository\commons-codec\commons-codec\1.9\commons-codec-1.9.jar;C:\Users\KumariRupam\.m2\repository\org\apache\httpcomponents\httpmime\4.5.3\httpmime-4.5.3.jar;C:\Users\KumariRupam\.m2\repository\org\hamcrest\hamcrest\2.1\hamcrest-2.1.jar;C:\Users\KumariRupam\.m2\repository\org\ccil\cowan\tagsoup\tagsoup\1.2.1\tagsoup-1.2.1.jar;C:\Users\KumariRupam\.m2\repository\io\rest-assured\xml-path\4.3.0\xml-path-4.3.0.jar;C:\Users\KumariRupam\.m2\repository\jakarta\xml\bind\jakarta.xml.bind-api\2.3.2\jakarta.xml.bind-api-2.3.2.jar;C:\Users\KumariRupam\.m2\repository\jakarta\activation\jakarta.activation-api\1.2.1\jakarta.activation-api-1.2.1.jar;C:\Users\KumariRupam\.m2\repository\com\sun\xml\bind\jaxb-osgi\2.3.0.1\jaxb-osgi-2.3.0.1.jar;C:\Users\KumariRupam\.m2\repository\org\apache\sling\org.apache.sling.javax.activation\0.1.0\org.apache.sling.javax.activation-0.1.0.jar;C:\Users\KumariRupam\.m2\repository\javax\activation\activation\1.1.1\activation-1.1.1.jar;C:\Users\KumariRupam\.m2\repository\io\cucumber\cucumber-java\5.7.0\cucumber-java-5.7.0.jar;C:\Users\KumariRupam\.m2\repository\io\cucumber\cucumber-core\5.7.0\cucumber-core-5.7.0.jar;C:\Users\KumariRupam\.m2\repository\io\cucumber\cucumber-gherkin\5.7.0\cucumber-gherkin-5.7.0.jar;C:\Users\KumariRupam\.m2\repository\io\cucumber\cucumber-gherkin-vintage\5.7.0\cucumber-gherkin-vintage-5.7.0.jar;C:\Users\KumariRupam\.m2\repository\io\cucumber\tag-expressions\2.0.4\tag-expressions-2.0.4.jar;C:\Users\KumariRupam\.m2\repository\io\cucumber\cucumber-expressions\8.3.1\cucumber-expressions-8.3.1.jar;C:\Users\KumariRupam\.m2\repository\io\cucumber\datatable\3.3.1\datatable-3.3.1.jar;C:\Users\KumariRupam\.m2\repository\io\cucumber\cucumber-plugin\5.7.0\cucumber-plugin-5.7.0.jar;C:\Users\KumariRupam\.m2\repository\io\cucumber\docstring\5.7.0\docstring-5.7.0.jar;C:\Users\KumariRupam\.m2\repository\org\apiguardian\apiguardian-api\1.1.0\apiguardian-api-1.1.0.jar;C:\Users\KumariRupam\.m2\repository\io\cucumber\cucumber-junit\5.7.0\cucumber-junit-5.7.0.jar;C:\Users\KumariRupam\.m2\repository\io\cucumber\cucumber-picocontainer\5.7.0\cucumber-picocontainer-5.7.0.jar;C:\Users\KumariRupam\.m2\repository\org\picocontainer\picocontainer\2.15\picocontainer-2.15.jar;C:\Users\KumariRupam\.m2\repository\io\rest-assured\json-path\4.3.0\json-path-4.3.0.jar;C:\Users\KumariRupam\.m2\repository\org\codehaus\groovy\groovy-json\3.0.2\groovy-json-3.0.2.jar;C:\Users\KumariRupam\.m2\repository\io\rest-assured\rest-assured-common\4.3.0\rest-assured-common-4.3.0.jar;C:\Users\KumariRupam\.m2\repository\com\fasterxml\jackson\core\jackson-databind\2.11.0\jackson-databind-2.11.0.jar;C:\Users\KumariRupam\.m2\repository\com\fasterxml\jackson\core\jackson-annotations\2.11.0\jackson-annotations-2.11.0.jar;C:\Users\KumariRupam\.m2\repository\com\fasterxml\jackson\core\jackson-core\2.11.0\jackson-core-2.11.0.jar;C:\Users\KumariRupam\.m2\repository\org\hamcrest\hamcrest-all\1.3\hamcrest-all-1.3.jar;C:\Users\KumariRupam\.m2\repository\junit\junit\4.11\junit-4.11.jar;C:\Users\KumariRupam\.m2\repository\org\hamcrest\hamcrest-core\1.3\hamcrest-core-1.3.jar;C:\Users\KumariRupam\.m2\repository\net\masterthought\cucumber-reporting\5.2.2\cucumber-reporting-5.2.2.jar;C:\Users\KumariRupam\.m2\repository\com\fasterxml\jackson\datatype\jackson-datatype-jsr310\2.10.1\jackson-datatype-jsr310-2.10.1.jar;C:\Users\KumariRupam\.m2\repository\org\apache\velocity\velocity-engine-core\2.1\velocity-engine-core-2.1.jar;C:\Users\KumariRupam\.m2\repository\org\slf4j\slf4j-api\1.7.26\slf4j-api-1.7.26.jar;C:\Users\KumariRupam\.m2\repository\commons-collections\commons-collections\3.2.2\commons-collections-3.2.2.jar;C:\Users\KumariRupam\.m2\repository\joda-time\joda-time\2.10.5\joda-time-2.10.5.jar;C:\Users\KumariRupam\.m2\repository\org\apache\commons\commons-lang3\3.9\commons-lang3-3.9.jar;C:\Users\KumariRupam\.m2\repository\commons-io\commons-io\2.6\commons-io-2.6.jar;C:\Users\KumariRupam\.m2\repository\org\codehaus\plexus\plexus-utils\3.3.0\plexus-utils-3.3.0.jar;C:\Users\KumariRupam\.m2\repository\org\jsoup\jsoup\1.12.1\jsoup-1.12.1.jar;C:\Users\KumariRupam\.m2\repository\com\googlecode\owasp-java-html-sanitizer\owasp-java-html-sanitizer\20191001.1\owasp-java-html-sanitizer-20191001.1.jar;C:\Users\KumariRupam\.m2\repository\com\google\guava\guava\27.1-jre\guava-27.1-jre.jar;C:\Users\KumariRupam\.m2\repository\com\google\guava\failureaccess\1.0.1\failureaccess-1.0.1.jar;C:\Users\KumariRupam\.m2\repository\com\google\guava\listenablefuture\9999.0-empty-to-avoid-conflict-with-guava\listenablefuture-9999.0-empty-to-avoid-conflict-with-guava.jar;C:\Users\KumariRupam\.m2\repository\com\google\code\findbugs\jsr305\3.0.2\jsr305-3.0.2.jar;C:\Users\KumariRupam\.m2\repository\org\checkerframework\checker-qual\2.5.2\checker-qual-2.5.2.jar;C:\Users\KumariRupam\.m2\repository\com\google\errorprone\error_prone_annotations\2.2.0\error_prone_annotations-2.2.0.jar;C:\Users\KumariRupam\.m2\repository\com\google\j2objc\j2objc-annotations\1.1\j2objc-annotations-1.1.jar;C:\Users\KumariRupam\.m2\repository\org\codehaus\mojo\animal-sniffer-annotations\1.17\animal-sniffer-annotations-1.17.jar;C:\Users\KumariRupam\.m2\repository\commons-configuration\commons-configuration\1.10\commons-configuration-1.10.jar;C:\Users\KumariRupam\.m2\repository\commons-lang\commons-lang\2.6\commons-lang-2.6.jar;C:\Users\KumariRupam\.m2\repository\org\json\json\20190722\json-20190722.jar;C:\Users\KumariRupam\.m2\repository\com\google\code\gson\gson\2.8.6\gson-2.8.6.jar;C:\Users\KumariRupam\.m2\repository\org\skyscreamer\jsonassert\1.5.0\jsonassert-1.5.0.jar;C:\Users\KumariRupam\.m2\repository\com\vaadin\external\google\android-json\0.0.20131108.vaadin1\android-json-0.0.20131108.vaadin1.jar;C:\Users\KumariRupam\.m2\repository\org\springframework\spring-core\5.2.6.RELEASE\spring-core-5.2.6.RELEASE.jar;C:\Users\KumariRupam\.m2\repository\org\springframework\spring-jcl\5.2.6.RELEASE\spring-jcl-5.2.6.RELEASE.jar;"/>
    <property name="java.vm.vendor" value="Oracle Corporation"/>
    <property name="sun.arch.data.model" value="64"/>
    <property name="user.variant" value=""/>
    <property name="java.vendor.url" value="http://java.oracle.com/"/>
    <property name="user.timezone" value="Asia/Calcutta"/>
    <property name="java.vm.specification.version" value="1.8"/>
    <property name="os.name" value="Windows 10"/>
    <property name="user.country" value="US"/>
    <property name="sun.java.launcher" value="SUN_STANDARD"/>
    <property name="sun.boot.library.path" value="C:\Program Files\Java\jdk1.8.0_241\jre\bin"/>
    <property name="sun.java.command" value="C:\Users\KumariRupam\AppData\Local\Temp\surefire2207570541823874328\surefirebooter3158898757878044915.jar C:\Users\KumariRupam\AppData\Local\Temp\surefire2207570541823874328 2020-06-04T10-42-21_483-jvmRun1 surefire5736602095384846355tmp surefire_0829011530708117452tmp"/>
    <property name="surefire.test.class.path" value="C:\Users\KumariRupam\eclipse-workspace\BDD_FW\target\test-classes;C:\Users\KumariRupam\eclipse-workspace\BDD_FW\target\classes;C:\Users\KumariRupam\.m2\repository\io\rest-assured\rest-assured\4.3.0\rest-assured-4.3.0.jar;C:\Users\KumariRupam\.m2\repository\org\codehaus\groovy\groovy\3.0.2\groovy-3.0.2.jar;C:\Users\KumariRupam\.m2\repository\org\codehaus\groovy\groovy-xml\3.0.2\groovy-xml-3.0.2.jar;C:\Users\KumariRupam\.m2\repository\org\apache\httpcomponents\httpclient\4.5.3\httpclient-4.5.3.jar;C:\Users\KumariRupam\.m2\repository\org\apache\httpcomponents\httpcore\4.4.6\httpcore-4.4.6.jar;C:\Users\KumariRupam\.m2\repository\commons-logging\commons-logging\1.2\commons-logging-1.2.jar;C:\Users\KumariRupam\.m2\repository\commons-codec\commons-codec\1.9\commons-codec-1.9.jar;C:\Users\KumariRupam\.m2\repository\org\apache\httpcomponents\httpmime\4.5.3\httpmime-4.5.3.jar;C:\Users\KumariRupam\.m2\repository\org\hamcrest\hamcrest\2.1\hamcrest-2.1.jar;C:\Users\KumariRupam\.m2\repository\org\ccil\cowan\tagsoup\tagsoup\1.2.1\tagsoup-1.2.1.jar;C:\Users\KumariRupam\.m2\repository\io\rest-assured\xml-path\4.3.0\xml-path-4.3.0.jar;C:\Users\KumariRupam\.m2\repository\jakarta\xml\bind\jakarta.xml.bind-api\2.3.2\jakarta.xml.bind-api-2.3.2.jar;C:\Users\KumariRupam\.m2\repository\jakarta\activation\jakarta.activation-api\1.2.1\jakarta.activation-api-1.2.1.jar;C:\Users\KumariRupam\.m2\repository\com\sun\xml\bind\jaxb-osgi\2.3.0.1\jaxb-osgi-2.3.0.1.jar;C:\Users\KumariRupam\.m2\repository\org\apache\sling\org.apache.sling.javax.activation\0.1.0\org.apache.sling.javax.activation-0.1.0.jar;C:\Users\KumariRupam\.m2\repository\javax\activation\activation\1.1.1\activation-1.1.1.jar;C:\Users\KumariRupam\.m2\repository\io\cucumber\cucumber-java\5.7.0\cucumber-java-5.7.0.jar;C:\Users\KumariRupam\.m2\repository\io\cucumber\cucumber-core\5.7.0\cucumber-core-5.7.0.jar;C:\Users\KumariRupam\.m2\repository\io\cucumber\cucumber-gherkin\5.7.0\cucumber-gherkin-5.7.0.jar;C:\Users\KumariRupam\.m2\repository\io\cucumber\cucumber-gherkin-vintage\5.7.0\cucumber-gherkin-vintage-5.7.0.jar;C:\Users\KumariRupam\.m2\repository\io\cucumber\tag-expressions\2.0.4\tag-expressions-2.0.4.jar;C:\Users\KumariRupam\.m2\repository\io\cucumber\cucumber-expressions\8.3.1\cucumber-expressions-8.3.1.jar;C:\Users\KumariRupam\.m2\repository\io\cucumber\datatable\3.3.1\datatable-3.3.1.jar;C:\Users\KumariRupam\.m2\repository\io\cucumber\cucumber-plugin\5.7.0\cucumber-plugin-5.7.0.jar;C:\Users\KumariRupam\.m2\repository\io\cucumber\docstring\5.7.0\docstring-5.7.0.jar;C:\Users\KumariRupam\.m2\repository\org\apiguardian\apiguardian-api\1.1.0\apiguardian-api-1.1.0.jar;C:\Users\KumariRupam\.m2\repository\io\cucumber\cucumber-junit\5.7.0\cucumber-junit-5.7.0.jar;C:\Users\KumariRupam\.m2\repository\io\cucumber\cucumber-picocontainer\5.7.0\cucumber-picocontainer-5.7.0.jar;C:\Users\KumariRupam\.m2\repository\org\picocontainer\picocontainer\2.15\picocontainer-2.15.jar;C:\Users\KumariRupam\.m2\repository\io\rest-assured\json-path\4.3.0\json-path-4.3.0.jar;C:\Users\KumariRupam\.m2\repository\org\codehaus\groovy\groovy-json\3.0.2\groovy-json-3.0.2.jar;C:\Users\KumariRupam\.m2\repository\io\rest-assured\rest-assured-common\4.3.0\rest-assured-common-4.3.0.jar;C:\Users\KumariRupam\.m2\repository\com\fasterxml\jackson\core\jackson-databind\2.11.0\jackson-databind-2.11.0.jar;C:\Users\KumariRupam\.m2\repository\com\fasterxml\jackson\core\jackson-annotations\2.11.0\jackson-annotations-2.11.0.jar;C:\Users\KumariRupam\.m2\repository\com\fasterxml\jackson\core\jackson-core\2.11.0\jackson-core-2.11.0.jar;C:\Users\KumariRupam\.m2\repository\org\hamcrest\hamcrest-all\1.3\hamcrest-all-1.3.jar;C:\Users\KumariRupam\.m2\repository\junit\junit\4.11\junit-4.11.jar;C:\Users\KumariRupam\.m2\repository\org\hamcrest\hamcrest-core\1.3\hamcrest-core-1.3.jar;C:\Users\KumariRupam\.m2\repository\net\masterthought\cucumber-reporting\5.2.2\cucumber-reporting-5.2.2.jar;C:\Users\KumariRupam\.m2\repository\com\fasterxml\jackson\datatype\jackson-datatype-jsr310\2.10.1\jackson-datatype-jsr310-2.10.1.jar;C:\Users\KumariRupam\.m2\repository\org\apache\velocity\velocity-engine-core\2.1\velocity-engine-core-2.1.jar;C:\Users\KumariRupam\.m2\repository\org\slf4j\slf4j-api\1.7.26\slf4j-api-1.7.26.jar;C:\Users\KumariRupam\.m2\repository\commons-collections\commons-collections\3.2.2\commons-collections-3.2.2.jar;C:\Users\KumariRupam\.m2\repository\joda-time\joda-time\2.10.5\joda-time-2.10.5.jar;C:\Users\KumariRupam\.m2\repository\org\apache\commons\commons-lang3\3.9\commons-lang3-3.9.jar;C:\Users\KumariRupam\.m2\repository\commons-io\commons-io\2.6\commons-io-2.6.jar;C:\Users\KumariRupam\.m2\repository\org\codehaus\plexus\plexus-utils\3.3.0\plexus-utils-3.3.0.jar;C:\Users\KumariRupam\.m2\repository\org\jsoup\jsoup\1.12.1\jsoup-1.12.1.jar;C:\Users\KumariRupam\.m2\repository\com\googlecode\owasp-java-html-sanitizer\owasp-java-html-sanitizer\20191001.1\owasp-java-html-sanitizer-20191001.1.jar;C:\Users\KumariRupam\.m2\repository\com\google\guava\guava\27.1-jre\guava-27.1-jre.jar;C:\Users\KumariRupam\.m2\repository\com\google\guava\failureaccess\1.0.1\failureaccess-1.0.1.jar;C:\Users\KumariRupam\.m2\repository\com\google\guava\listenablefuture\9999.0-empty-to-avoid-conflict-with-guava\listenablefuture-9999.0-empty-to-avoid-conflict-with-guava.jar;C:\Users\KumariRupam\.m2\repository\com\google\code\findbugs\jsr305\3.0.2\jsr305-3.0.2.jar;C:\Users\KumariRupam\.m2\repository\org\checkerframework\checker-qual\2.5.2\checker-qual-2.5.2.jar;C:\Users\KumariRupam\.m2\repository\com\google\errorprone\error_prone_annotations\2.2.0\error_prone_annotations-2.2.0.jar;C:\Users\KumariRupam\.m2\repository\com\google\j2objc\j2objc-annotations\1.1\j2objc-annotations-1.1.jar;C:\Users\KumariRupam\.m2\repository\org\codehaus\mojo\animal-sniffer-annotations\1.17\animal-sniffer-annotations-1.17.jar;C:\Users\KumariRupam\.m2\repository\commons-configuration\commons-configuration\1.10\commons-configuration-1.10.jar;C:\Users\KumariRupam\.m2\repository\commons-lang\commons-lang\2.6\commons-lang-2.6.jar;C:\Users\KumariRupam\.m2\repository\org\json\json\20190722\json-20190722.jar;C:\Users\KumariRupam\.m2\repository\com\google\code\gson\gson\2.8.6\gson-2.8.6.jar;C:\Users\KumariRupam\.m2\repository\org\skyscreamer\jsonassert\1.5.0\jsonassert-1.5.0.jar;C:\Users\KumariRupam\.m2\repository\com\vaadin\external\google\android-json\0.0.20131108.vaadin1\android-json-0.0.20131108.vaadin1.jar;C:\Users\KumariRupam\.m2\repository\org\springframework\spring-core\5.2.6.RELEASE\spring-core-5.2.6.RELEASE.jar;C:\Users\KumariRupam\.m2\repository\org\springframework\spring-jcl\5.2.6.RELEASE\spring-jcl-5.2.6.RELEASE.jar;"/>
    <property name="sun.cpu.endian" value="little"/>
    <property name="user.home" value="C:\Users\KumariRupam"/>
    <property name="user.language" value="en"/>
    <property name="java.specification.vendor" value="Oracle Corporation"/>
    <property name="java.home" value="C:\Program Files\Java\jdk1.8.0_241\jre"/>
    <property name="basedir" value="C:\Users\KumariRupam\eclipse-workspace\BDD_FW"/>
    <property name="file.separator" value="\"/>
    <property name="line.separator" value="&#10;"/>
    <property name="java.vm.specification.vendor" value="Oracle Corporation"/>
    <property name="java.specification.name" value="Java Platform API Specification"/>
    <property name="java.awt.graphicsenv" value="sun.awt.Win32GraphicsEnvironment"/>
    <property name="surefire.real.class.path" value="C:\Users\KumariRupam\AppData\Local\Temp\surefire2207570541823874328\surefirebooter3158898757878044915.jar"/>
    <property name="sun.boot.class.path" value="C:\Program Files\Java\jdk1.8.0_241\jre\lib\resources.jar;C:\Program Files\Java\jdk1.8.0_241\jre\lib\rt.jar;C:\Program Files\Java\jdk1.8.0_241\jre\lib\sunrsasign.jar;C:\Program Files\Java\jdk1.8.0_241\jre\lib\jsse.jar;C:\Program Files\Java\jdk1.8.0_241\jre\lib\jce.jar;C:\Program Files\Java\jdk1.8.0_241\jre\lib\charsets.jar;C:\Program Files\Java\jdk1.8.0_241\jre\lib\jfr.jar;C:\Program Files\Java\jdk1.8.0_241\jre\classes"/>
    <property name="user.script" value=""/>
    <property name="sun.management.compiler" value="HotSpot 64-Bit Tiered Compilers"/>
    <property name="java.runtime.version" value="1.8.0_241-b07"/>
    <property name="user.name" value="KumariRupam"/>
    <property name="path.separator" value=";"/>
    <property name="os.version" value="10.0"/>
    <property name="java.endorsed.dirs" value="C:\Program Files\Java\jdk1.8.0_241\jre\lib\endorsed"/>
    <property name="java.runtime.name" value="Java(TM) SE Runtime Environment"/>
    <property name="file.encoding" value="Cp1252"/>
    <property name="java.vm.name" value="Java HotSpot(TM) 64-Bit Server VM"/>
    <property name="localRepository" value="C:\Users\KumariRupam\.m2\repository"/>
    <property name="java.vendor.url.bug" value="http://bugreport.sun.com/bugreport/"/>
    <property name="java.io.tmpdir" value="C:\Users\KUMARI~1\AppData\Local\Temp\"/>
    <property name="java.version" value="1.8.0_241"/>
    <property name="user.dir" value="C:\Users\KumariRupam\eclipse-workspace\BDD_FW"/>
    <property name="os.arch" value="amd64"/>
    <property name="java.vm.specification.name" value="Java Virtual Machine Specification"/>
    <property name="java.awt.printerjob" value="sun.awt.windows.WPrinterJob"/>
    <property name="sun.os.patch.level" value=""/>
    <property name="java.library.path" value="C:\Program Files\Java\jdk1.8.0_241\jre\bin;C:\windows\Sun\Java\bin;C:\windows\system32;C:\windows;C:\Python38\Scripts\;C:\Python38\;C:\ProgramData\Oracle\Java\javapath;C:\Python27\;C:\Python27\Scripts;C:\Program Files (x86)\Common Files\Oracle\Java\javapath;C:\windows\system32;C:\windows;C:\windows\System32\Wbem;C:\windows\System32\WindowsPowerShell\v1.0\;C:\windows\System32\OpenSSH\;C:\Program Files\CrashPlan\jre\bin\server\;C:\Program Files\CrashPlan\jre\bin\;C:\Program Files\Microsoft SQL Server\130\Tools\Binn\;C:\ProgramData\chocolatey\bin;C:\Program Files\Git\cmd;C:\Program Files\Git\mingw64\bin;C:\Program Files\Git\usr\bin;C:\Users\KumariRupam\AppData\Local\Programs\Python\Python38-32;C:\Program Files\curl-7.68.0-win64-mingw\bin;C:\Program Files\apache-maven-3.6.3\bin;C:\Program Files\Java\jdk1.8.0_241\bin;C:\Program Files\Java\jre1.8.0_241\bin;%MAVEN_HOME%\bin;C:\Program Files\gradle-6.0.1\bin;C:\Program Files\Docker\Docker\resources\bin;C:\ProgramData\DockerDesktop\version-bin;C:\Program Files\nodejs\;C:\Users\KumariRupam\AppData\Local\Microsoft\WindowsApps;C:\Users\KumariRupam\AppData\Local\Programs\Python\Python38-32;C:\Users\KumariRupam\AppData\Local\GitHubDesktop\bin;C:\Users\KumariRupam\AppData\Local\Programs\Microsoft VS Code\bin;C:\Users\KumariRupam\AppData\Roaming\npm;."/>
    <property name="java.vm.info" value="mixed mode"/>
    <property name="java.vendor" value="Oracle Corporation"/>
    <property name="java.vm.version" value="25.241-b07"/>
    <property name="java.ext.dirs" value="C:\Program Files\Java\jdk1.8.0_241\jre\lib\ext;C:\windows\Sun\Java\lib\ext"/>
    <property name="sun.io.unicode.encoding" value="UnicodeLittle"/>
    <property name="java.class.version" value="52.0"/>
  </properties>
  <testcase name="Verify API: getCategoryCount API return Total Category Count" classname="Validating Category API&apos;s" time="16.03"/>
  <testcase name="Verify API: createCategory API add Category paylod" classname="Validating Category API&apos;s" time="6.292"/>
  <testcase name="Verify API: createCategory API add without Category paylod" classname="Validating Category API&apos;s" time="1.252">
    <failure message="expected:&lt;400&gt; but was:&lt;200&gt;" type="java.lang.AssertionError"><![CDATA[java.lang.AssertionError: expected:<400> but was:<200>
]]></failure>
    <system-out><![CDATA[API Called ::: createCategory with Method === Post
]]></system-out>
  </testcase>
  <testcase name="Verify API: getAllCategories API return List of All Categories" classname="Validating Category API&apos;s" time="2.12"/>
  <testcase name="Verify API: getCategoryListbyName API, search by &apos;categoryName&apos;" classname="Validating Category API&apos;s" time="2.213"/>
  <testcase name="Verify API: getCategoryListbyName API  with no &apos;CategoryName&apos;" classname="Validating Category API&apos;s" time="1.2"/>
  <testcase name="Verify API: getCategoryListbyName API, search by &apos;CategoryId&apos;" classname="Validating Category API&apos;s" time="2.023">
    <failure message="expected:&lt;500&gt; but was:&lt;200&gt;" type="java.lang.AssertionError"><![CDATA[java.lang.AssertionError: expected:<500> but was:<200>
]]></failure>
    <system-out><![CDATA[API Called ::: getCategoryListbyName with Method === Get
]]></system-out>
  </testcase>
  <testcase name="Verify API: getCategoryBySearchCriteria API, with no SearchCriteria" classname="Validating Category API&apos;s" time="4.252">
    <failure message="All Categories not searched in case of no Search Criteria: array lengths differed, expected.length=105 actual.length=1" type="java.lang.AssertionError"><![CDATA[java.lang.AssertionError: All Categories not searched in case of no Search Criteria: array lengths differed, expected.length=105 actual.length=1
]]></failure>
    <system-out><![CDATA[API Called ::: getCategoryBySearchCriteria with Method === Get
API Called ::: getCategoryBySearchCriteria with Method === Get
Actual category count:1
API Called ::: getAllCategories with Method === Get
Expected category count:105
]]></system-out>
  </testcase>
  <testcase name="Verify API: getCategoryBySearchCriteria API, search by &apos;CategoryId&apos;" classname="Validating Category API&apos;s" time="1.851"/>
  <testcase name="Verify API: getCategoryBySearchCriteria API, search by &apos;CategoryName&apos;" classname="Validating Category API&apos;s" time="4.921"/>
  <testcase name="Verify API: getCategoryBySearchCriteria API, search by &apos;CategoryStatus&apos;" classname="Validating Category API&apos;s" time="0.995"/>
  <testcase name="Verify API: getCategoryBySearchCriteria API, search by invalid &apos;categoryId&apos;" classname="Validating Category API&apos;s" time="1.601"/>
  <testcase name="Verify API: getCategoryBySearchCriteria API, search by invalid &apos;categoryName&apos;" classname="Validating Category API&apos;s" time="1.654"/>
  <testcase name="Verify API: getCategoryNotinList API, to serach list of categories other than Parameter" classname="Validating Category API&apos;s" time="1.971"/>
  <testcase name="Verify API: getCategoryNotinList API, with Invalid CategoryParanetId" classname="Validating Category API&apos;s" time="1.947"/>
  <testcase name="Verify API: updateCategory API add Category payload" classname="Validating Category API&apos;s" time="1.667"/>
  <testcase name="Verify API: deleteCategory API, no CategoryId" classname="Validating Category API&apos;s" time="4.118"/>
  <testcase name="Verify API: deleteCategory API, delete with Invalid categoryId" classname="Validating Category API&apos;s" time="2.072"/>
  <testcase name="Verify API: deleteCategory API, update Field status as Passive" classname="Validating Category API&apos;s" time="1.712"/>
  <testcase name="Verify API: getClientCount API return Total Client Count" classname="Validating Client API&apos;s" time="1.486"/>
  <testcase name="Verify API: createClient API add Client payload" classname="Validating Client API&apos;s" time="2.942"/>
  <testcase name="Verify API: getAllClients API return List of All Clients" classname="Validating Client API&apos;s" time="2.718"/>
  <testcase name="Verify API: getAllProjectsIds API return List of All ProjectIds" classname="Validating Client API&apos;s" time="0.834"/>
  <testcase name="Verify API: getAllProjectsIds API return List of All ProjectIds" classname="Validating Client API&apos;s" time="1.611"/>
  <testcase name="Verify API: getAllProjectsIds API return List of All ProjectId&apos;s" classname="Validating Client API&apos;s" time="1.906"/>
  <testcase name="Verify API: getAllProjectsIds API, search by invalid &apos;clientId&apos;" classname="Validating Client API&apos;s" time="1.705"/>
  <testcase name="Verify API: getClientBySearchCriteria API, search no SearchCriteria" classname="Validating Client API&apos;s" time="5.104">
    <failure message="All Client not searched in case of no Search Criteria: array lengths differed, expected.length=73 actual.length=1" type="java.lang.AssertionError"><![CDATA[java.lang.AssertionError: All Client not searched in case of no Search Criteria: array lengths differed, expected.length=73 actual.length=1
]]></failure>
    <system-out><![CDATA[API Called ::: getClientBySearchCriteria with Method === Get
Expected Client :Client [clientId=1000073, clientName=RS-2, clientRuleIds=[1], clientGeography=North America, clientIndustry=Insurance, clientSector=Financial Services, clientOnboardingDate=2020-06-04, clientOffBoardingdate=, clientStatus=Active, clientHappinessIndex=1234, clientEngagementHealth=Good, clientEngagementState=1234, projectIds=[0], clientOnboardedBy=rupam_sys, clientOnboardedAt=2020-06-04 00:13:48, clientOffboardedBy=NA, clientOffboardedAt=0000-00-00 00:00:00, users=[entity.ClientUser@a68b60f]]
API Called ::: getClientBySearchCriteria with Method === Get
Actual Client count:1
API Called ::: getAllClients with Method === Get
Expected Client count:73
]]></system-out>
  </testcase>
  <testcase name="Verify API: getClientBySearchCriteria API, search by &apos;clientId&apos;" classname="Validating Client API&apos;s" time="1.558"/>
  <testcase name="Verify API: getClientBySearchCriteria API, search by &apos;clientName&apos;" classname="Validating Client API&apos;s" time="4.879"/>
  <testcase name="Verify API: getClientBySearchCriteria API, search by &apos;clientStatus&apos;" classname="Validating Client API&apos;s" time="1.356"/>
  <testcase name="Verify API: getClientBySearchCriteria API, search by &apos;clientSector&apos;" classname="Validating Client API&apos;s" time="3.55"/>
  <testcase name="Verify API: getClientBySearchCriteria API, search by &apos;clientIndustry&apos;" classname="Validating Client API&apos;s" time="2.724"/>
  <testcase name="Verify API: getClientBySearchCriteria API, search by &apos;clientHappinessIndex&apos;" classname="Validating Client API&apos;s" time="2.054"/>
  <testcase name="Verify API: getClientBySearchCriteria API, search by &apos;clientGeography&apos;" classname="Validating Client API&apos;s" time="3.402"/>
  <testcase name="Verify API: getClientBySearchCriteria API, search by &apos;clientEngagementState&apos;" classname="Validating Client API&apos;s" time="2.472"/>
  <testcase name="Verify API: getClientBySearchCriteria API, search by &apos;clientEngagementHealth&apos;" classname="Validating Client API&apos;s" time="2.669"/>
  <testcase name="Verify API: getClientBySearchCriteria API, search by invalid &apos;clientId&apos;" classname="Validating Client API&apos;s" time="1.802"/>
  <testcase name="Verify API: getClientBySearchCriteria API, search by invalid &apos;clientName&apos;" classname="Validating Client API&apos;s" time="2.139"/>
  <testcase name="Verify API: getClientBySearchCriteria API, search by invalid &apos;clientStatus&apos;" classname="Validating Client API&apos;s" time="1.829"/>
  <testcase name="Verify API: getClientBySearchCriteria API, search by invalid &apos;clientSector&apos;" classname="Validating Client API&apos;s" time="2.08"/>
  <testcase name="Verify API: getClientBySearchCriteria API, search by invalid &apos;clientIndustry&apos;" classname="Validating Client API&apos;s" time="2.05"/>
  <testcase name="Verify API: getClientBySearchCriteria API, search by invalid &apos;clientHappinessIndex&apos;" classname="Validating Client API&apos;s" time="2.113"/>
  <testcase name="Verify API: getClientBySearchCriteria API, search by invalid &apos;clientGeography&apos;" classname="Validating Client API&apos;s" time="2.079"/>
  <testcase name="Verify API: getClientBySearchCriteria API, search by invalid &apos;clientEngagementState&apos;" classname="Validating Client API&apos;s" time="2.229"/>
  <testcase name="Verify API: getClientBySearchCriteria API, search by invalid &apos;clientEngagementHealth&apos;" classname="Validating Client API&apos;s" time="2.077"/>
  <testcase name="Verify API: getClientUsers API return List of All Users" classname="Validating Client API&apos;s" time="1.034"/>
  <testcase name="Verify API: getClientUsers API return List of All Users" classname="Validating Client API&apos;s" time="2.24"/>
  <testcase name="Verify API: getClientUsers API, search by invalid &apos;clientId&apos;" classname="Validating Client API&apos;s" time="1.526">
    <error message="Cannot deserialize instance of `[Lentity.Client;` out of START_OBJECT token&#10; at [Source: (String)&quot;{&quot;timestamp&quot;:&quot;2020-06-04T05:14:51.217+0000&quot;,&quot;status&quot;:500,&quot;error&quot;:&quot;Internal Server Error&quot;,&quot;message&quot;:&quot;Client with id - -9 not found&quot;,&quot;path&quot;:&quot;/getClientUsers&quot;}&quot;; line: 1, column: 1]" type="com.fasterxml.jackson.databind.exc.MismatchedInputException"><![CDATA[com.fasterxml.jackson.databind.exc.MismatchedInputException: 
Cannot deserialize instance of `[Lentity.Client;` out of START_OBJECT token
 at [Source: (String)"{"timestamp":"2020-06-04T05:14:51.217+0000","status":500,"error":"Internal Server Error","message":"Client with id - -9 not found","path":"/getClientUsers"}"; line: 1, column: 1]
]]></error>
    <system-out><![CDATA[API Called ::: getClientUsers with Method === Put
]]></system-out>
  </testcase>
  <testcase name="Verify API: addProjectToClient API, to add Project to Client" classname="Validating Client API&apos;s" time="0.04">
    <error message="No enum constant resources.APIResources.getAllProjects" type="java.lang.IllegalArgumentException"><![CDATA[java.lang.IllegalArgumentException: No enum constant resources.APIResources.getAllProjects
]]></error>
  </testcase>
  <testcase name="Verify API: addUsersToClient API, with Invalid clientId" classname="Validating Client API&apos;s" time="0.06">
    <error message="No enum constant resources.APIResources.getAllProjects" type="java.lang.IllegalArgumentException"><![CDATA[java.lang.IllegalArgumentException: No enum constant resources.APIResources.getAllProjects
]]></error>
  </testcase>
  <testcase name="Verify API: addUsersToClient API, with Invalid Parameter-clientName" classname="Validating Client API&apos;s" time="0.069">
    <error message="No enum constant resources.APIResources.getAllProjects" type="java.lang.IllegalArgumentException"><![CDATA[java.lang.IllegalArgumentException: No enum constant resources.APIResources.getAllProjects
]]></error>
  </testcase>
  <testcase name="Verify API: addUsersToClient API, to add user to Client" classname="Validating Client API&apos;s" time="2.686">
    <failure message="expected:&lt;200&gt; but was:&lt;500&gt;" type="java.lang.AssertionError"><![CDATA[java.lang.AssertionError: expected:<200> but was:<500>
]]></failure>
    <system-out><![CDATA[API Called ::: getAllUsers with Method === Get
API Called ::: addUsersToClient with Method === Put
]]></system-out>
  </testcase>
  <testcase name="Verify API: addUsersToClient API, to add user to Client" classname="Validating Client API&apos;s" time="3.359"/>
  <testcase name="Verify API: deleteProjectFromClient API, to delete Project from Client" classname="Validating Client API&apos;s" time="0.058">
    <error message="No enum constant resources.APIResources.getAllProjects" type="java.lang.IllegalArgumentException"><![CDATA[java.lang.IllegalArgumentException: No enum constant resources.APIResources.getAllProjects
]]></error>
    <system-out><![CDATA[Client Id :1000073
]]></system-out>
  </testcase>
  <testcase name="Verify API: deleteProjectFromClient API, to delete Project from Client with Invalid Client Id" classname="Validating Client API&apos;s" time="0.091">
    <error message="No enum constant resources.APIResources.getAllProjects" type="java.lang.IllegalArgumentException"><![CDATA[java.lang.IllegalArgumentException: No enum constant resources.APIResources.getAllProjects
]]></error>
    <system-out><![CDATA[Client Id :1000073
]]></system-out>
  </testcase>
  <testcase name="Verify API: deleteProjectFromClient API, to delete Project from Client with Invalid Parameter ClientName" classname="Validating Client API&apos;s" time="0.057">
    <error message="No enum constant resources.APIResources.getAllProjects" type="java.lang.IllegalArgumentException"><![CDATA[java.lang.IllegalArgumentException: No enum constant resources.APIResources.getAllProjects
]]></error>
    <system-out><![CDATA[Client Id :1000073
]]></system-out>
  </testcase>
  <testcase name="Verify API: deleteUsersFromClient API, to add user to Client" classname="Validating Client API&apos;s" time="4.546">
    <failure message="expected:&lt;200&gt; but was:&lt;400&gt;" type="java.lang.AssertionError"><![CDATA[java.lang.AssertionError: expected:<200> but was:<400>
]]></failure>
    <system-out><![CDATA[Client Id :1000073
API Called ::: getAllUsers with Method === Get
API Called ::: deleteUsersFromClient with Method === Put
]]></system-out>
  </testcase>
  <testcase name="Verify API: deleteUsersFromClient API, to delete user from Client with invalid value clientId" classname="Validating Client API&apos;s" time="3.361">
    <failure message="expected:&lt;[Client with id - -9 not found]&gt; but was:&lt;[Required Integer parameter &apos;userId&apos; is not present]&gt;" type="org.junit.ComparisonFailure"><![CDATA[org.junit.ComparisonFailure: expected:<[Client with id - -9 not found]> but was:<[Required Integer parameter 'userId' is not present]>
]]></failure>
    <system-out><![CDATA[Client Id :1000073
API Called ::: getAllUsers with Method === Get
API Called ::: deleteUsersFromClient with Method === Put
]]></system-out>
  </testcase>
  <testcase name="Verify API: deleteUsersFromClient API, to delete user from Client with invalid parameter ClientName" classname="Validating Client API&apos;s" time="3.296">
    <failure message="expected:&lt;... Integer parameter &apos;[client]Id&apos; is not present&gt; but was:&lt;... Integer parameter &apos;[user]Id&apos; is not present&gt;" type="org.junit.ComparisonFailure"><![CDATA[org.junit.ComparisonFailure: expected:<... Integer parameter '[client]Id' is not present> but was:<... Integer parameter '[user]Id' is not present>
]]></failure>
    <system-out><![CDATA[Client Id :1000073
API Called ::: getAllUsers with Method === Get
API Called ::: deleteUsersFromClient with Method === Put
]]></system-out>
  </testcase>
  <testcase name="Verify API: updateClient API, update Field status as Passive" classname="Validating Client API&apos;s" time="1.771"/>
  <testcase name="Verify API: deleteClient API, update Field status as Passive" classname="Validating Client API&apos;s" time="1.663"/>
  <testcase name="Verify API: deleteClient API, with No Client Id" classname="Validating Client API&apos;s" time="0.826">
    <failure message="expected:&lt;400&gt; but was:&lt;200&gt;" type="java.lang.AssertionError"><![CDATA[java.lang.AssertionError: expected:<400> but was:<200>
]]></failure>
    <system-out><![CDATA[API Called ::: deleteClient with Method === Delete
]]></system-out>
  </testcase>
</testsuite>